-------------------------------------------------------------------------------
Test set: com.gmms.SentenceControllerTest
-------------------------------------------------------------------------------
Tests run: 3, Failures: 1, Errors: 0, Skipped: 0, Time elapsed: 0.004 s <<< FAILURE! -- in com.gmms.SentenceControllerTest
com.gmms.SentenceControllerTest.testSentenceRegeneration -- Time elapsed: 0.002 s <<< FAILURE!
org.opentest4j.AssertionFailedError: expected: <input test> but was: <La penna cade>
	at org.junit.jupiter.api.AssertionFailureBuilder.build(AssertionFailureBuilder.java:151)
	at org.junit.jupiter.api.AssertionFailureBuilder.buildAndThrow(AssertionFailureBuilder.java:132)
	at org.junit.jupiter.api.AssertEquals.failNotEqual(AssertEquals.java:197)
	at org.junit.jupiter.api.AssertEquals.assertEquals(AssertEquals.java:182)
	at org.junit.jupiter.api.AssertEquals.assertEquals(AssertEquals.java:177)
	at org.junit.jupiter.api.Assertions.assertEquals(Assertions.java:1145)
	at com.gmms.SentenceControllerTest.testSentenceRegeneration(SentenceControllerTest.java:34)
	at java.base/java.lang.reflect.Method.invoke(Method.java:565)
	at java.base/java.util.ArrayList.forEach(ArrayList.java:1604)
	at java.base/java.util.ArrayList.forEach(ArrayList.java:1604)

