-------------------------------------------------------------------------------
Test set: com.gmms.TemplateTest
-------------------------------------------------------------------------------
Tests run: 1, Failures: 0, Errors: 1, Skipped: 0, Time elapsed: 0.001 s <<< FAILURE! -- in com.gmms.TemplateTest
com.gmms.TemplateTest -- Time elapsed: 0.001 s <<< ERROR!
org.junit.platform.commons.JUnitException: @AfterAll method 'void com.gmms.TemplateTest.tearDown()' must be static unless the test class is annotated with @TestInstance(Lifecycle.PER_CLASS).
	at java.base/java.util.ArrayList.forEach(ArrayList.java:1604)
	at java.base/java.util.Collections$UnmodifiableCollection.forEach(Collections.java:1117)
	at java.base/java.util.ArrayList.forEach(ArrayList.java:1604)

