-------------------------------------------------------------------------------
Test set: com.gmms.SentenceGeneratorTest
-------------------------------------------------------------------------------
Tests run: 1, Failures: 0, Errors: 1, Skipped: 0, Time elapsed: 0.003 s <<< FAILURE! -- in com.gmms.SentenceGeneratorTest
com.gmms.SentenceGeneratorTest.testGenerateSentenceDesc -- Time elapsed: 0.002 s <<< ERROR!
com.gmms.NoGeneratedWordsException: ERRORE: non sono state generate parole in precedenza
	at com.gmms.WordPicker.getWords(WordPicker.java:118)
	at com.gmms.SentenceGenerator.getWords(SentenceGenerator.java:59)
	at com.gmms.SentenceGenerator.generateSentenceDesc(SentenceGenerator.java:18)
	at com.gmms.SentenceGeneratorTest.testGenerateSentenceDesc(SentenceGeneratorTest.java:15)
	at java.base/java.lang.reflect.Method.invoke(Method.java:565)
	at java.base/java.util.ArrayList.forEach(ArrayList.java:1604)
	at java.base/java.util.ArrayList.forEach(ArrayList.java:1604)

