<?xml version="1.0" encoding="UTF-8"?>
<testsuite xmlns:xsi="http://www.w3.org/2001/XMLSchema-instance" xsi:noNamespaceSchemaLocation="https://maven.apache.org/surefire/maven-surefire-plugin/xsd/surefire-test-report-3.0.xsd" version="3.0" name="com.gmms.ValidatorTest" time="0.053" tests="6" errors="0" skipped="0" failures="0">
  <properties>
[...]
</properties>
  <testcase name="testVerifyToxicityNonToxic" classname="com.gmms.ValidatorTest" time="0.03"/>
  <testcase name="testValidateSentenceStructureWithNull" classname="com.gmms.ValidatorTest" time="0.001"/>
  <testcase name="testValidateSentenceStructure" classname="com.gmms.ValidatorTest" time="0.0"/>
  <testcase name="testVerifySentenceWithValidInput" classname="com.gmms.ValidatorTest" time="0.0"/>
  <testcase name="testVerifyToxicityToxic" classname="com.gmms.ValidatorTest" time="0.001"/>
  <testcase name="testVerifySentenceWithInvalidInput" classname="com.gmms.ValidatorTest" time="0.0"/>
</testsuite>